<?xml version="1.0" encoding="UTF-8"?>
<!-- Generated by org.testng.reporters.JUnitReportReporter -->
<testsuite hostname="PSL-4C5W7R3" failures="0" tests="1" name="Test_Scenarios.TestMethods_Googlesearch" time="3.089" errors="0" timestamp="2023-07-03T16:33:11 IST" skipped="0">
  <testcase classname="Test_Scenarios.TestMethods_Googlesearch" name="searchoperator" time="3.089"/>
</testsuite> <!-- Test_Scenarios.TestMethods_Googlesearch -->
